[INFO] 13:24:45 ts-node-dev ver. 2.0.0 (using ts-node ver. 10.9.1, typescript ver. 5.2.2)
[ERROR] 13:24:46 тип Unable to compile TypeScript:
module3/src/3.8_Polymorphism.ts(20,46): error TS1005: '=>' expected.

